npm error code ERESOLVE
npm error ERESOLVE unable to resolve dependency tree
npm error
npm error While resolving: yc_directory@0.1.0
npm error Found: next@15.6.0-canary.12
npm error node_modules/next
npm error   next@"^15.6.0-canary.5" from the root project
npm error
npm error Could not resolve dependency:
npm error peer next@"^13.2.0 || ^14.0 || ^15.0.0-rc.0" from @sentry/nextjs@10.12.0
npm error node_modules/@sentry/nextjs
npm error   @sentry/nextjs@"10" from the root project
npm error
npm error Fix the upstream dependency conflict, or retry
npm error this command with --force or --legacy-peer-deps
npm error to accept an incorrect (and potentially broken) dependency resolution.
npm error
npm error
npm error For a full report see:
npm error C:\Users\SAMARTH\AppData\Local\npm-cache\_logs\2025-09-18T10_08_38_942Z-eresolve-report.txt
npm error A complete log of this run can be found in: C:\Users\SAMARTH\AppData\Local\npm-cache\_logs\2025-09-18T10_08_38_942Z-debug-0.log
